#! /usr/bin/vvp
:ivl_version "0.9.2 " "(v0_9_2)";
:vpi_time_precision + 0;
:vpi_module "system";
:vpi_module "v2005_math";
:vpi_module "va_math";
S_0xfbffc0 .scope module, "main" "main" 2 37;
 .timescale 0 0;
v0xfea1c0_0 .var "CLK", 0 0;
v0xfea240_0 .var "RST_N", 0 0;
v0xfea2f0_0 .var "cycle", 31 0;
v0xfea370_0 .var "do_cycles", 0 0;
v0xfea3f0_0 .var "do_fsdb", 0 0;
v0xfea490_0 .var "do_fst", 0 0;
v0xfea530_0 .var "do_vcd", 0 0;
S_0xfbfbf0 .scope module, "top" "mkALU" 2 48, 3 31, S_0xfbffc0;
 .timescale 0 0;
L_0xfe8300 .functor AND 4, C4<zzzz>, C4<zzzz>, C4<1111>, C4<1111>;
v0xfb84c0_0 .net "CLK", 0 0, v0xfea1c0_0; 1 drivers
v0xfe7ce0_0 .var "IF_evaluate_opcode_EQ_0b0_THEN_evaluate_oprndA_ETC___d50", 3 0;
v0xfe7d80_0 .net "RDY_evaluate", 0 0, C4<1>; 1 drivers
v0xfe7e20_0 .net "RST_N", 0 0, v0xfea240_0; 1 drivers
v0xfe7ed0_0 .net "_0b0_CONCAT_evaluate_oprndA_PLUS_0b0_CONCAT_NEG_ETC__q2", 4 0, L_0xfeadc0; 1 drivers
v0xfe7f70_0 .net "_0b0_CONCAT_evaluate_oprndA_PLUS_0b0_CONCAT_eva_ETC__q1", 4 0, L_0xfeb300; 1 drivers
v0xfe8050_0 .net *"_s1", 0 0, L_0xfea5d0; 1 drivers
v0xfe80f0_0 .net *"_s10", 0 0, C4<0>; 1 drivers
v0xfe81e0_0 .net *"_s12", 3 0, C4<0000>; 1 drivers
v0xfe8280_0 .net *"_s15", 3 0, L_0xfeab00; 1 drivers
v0xfe8380_0 .net *"_s16", 4 0, L_0xfeac80; 1 drivers
v0xfe8420_0 .net *"_s20", 0 0, C4<0>; 1 drivers
v0xfe8530_0 .net *"_s22", 4 0, L_0xfeafb0; 1 drivers
v0xfe85d0_0 .net *"_s24", 0 0, C4<0>; 1 drivers
v0xfe86f0_0 .net *"_s26", 4 0, L_0xfeb170; 1 drivers
v0xfe8790_0 .net *"_s31", 0 0, L_0xfeb440; 1 drivers
v0xfe8650_0 .net *"_s35", 0 0, L_0xfeb580; 1 drivers
v0xfe88e0_0 .net *"_s37", 0 0, L_0xfeb6b0; 1 drivers
v0xfe8a00_0 .net *"_s40", 3 0, C4<1111>; 1 drivers
v0xfe8a80_0 .net *"_s45", 0 0, L_0xfeba00; 1 drivers
v0xfe8960_0 .net *"_s48", 3 0, C4<0000>; 1 drivers
v0xfe8bb0_0 .net *"_s52", 0 0, C4<1>; 1 drivers
v0xfe8b00_0 .net *"_s56", 0 0, C4<1>; 1 drivers
v0xfe8cf0_0 .net *"_s6", 0 0, C4<0>; 1 drivers
v0xfe8c50_0 .net *"_s61", 0 0, L_0xfebe90; 1 drivers
v0xfe8e40_0 .net *"_s62", 0 0, C4<1>; 1 drivers
v0xfe8d90_0 .net *"_s68", 3 0, C4<0001>; 1 drivers
v0xfe8fa0_0 .net *"_s73", 2 0, L_0xfec410; 1 drivers
v0xfe8ee0_0 .net *"_s74", 0 0, C4<0>; 1 drivers
v0xfe9110_0 .net *"_s78", 0 0, C4<0>; 1 drivers
v0xfe9020_0 .net *"_s8", 4 0, L_0xfea8d0; 1 drivers
v0xfe9290_0 .net *"_s81", 2 0, L_0xfec9e0; 1 drivers
v0xfe9190_0 .net *"_s85", 0 0, L_0xfec900; 1 drivers
v0xfe9420_0 .net *"_s87", 2 0, L_0xfec4b0; 1 drivers
v0xfe9310_0 .net "_theResult_____1__h203", 0 0, L_0xfeb4e0; 1 drivers
v0xfe95c0_0 .net "_theResult_____2__h202", 0 0, L_0xfeb750; 1 drivers
v0xfe94a0_0 .var "_theResult___snd__h86", 0 0;
v0xfe9540_0 .net "evaluate", 7 0, L_0xfea6d0; 1 drivers
v0xfe9780_0 .net "evaluate_opcode", 2 0, C4<zzz>; 0 drivers
v0xfe9800_0 .net "evaluate_oprndA", 3 0, C4<zzzz>; 0 drivers
v0xfe9640_0 .net "evaluate_oprndB", 3 0, C4<zzzz>; 0 drivers
v0xfe96e0_0 .net "flagCarry__h165", 0 0, L_0xfeb910; 1 drivers
v0xfe99e0_0 .net "flagParity__h26", 0 0, L_0xfebb30; 1 drivers
v0xfe9a60_0 .net "flagZero__h28", 0 0, L_0xfebd50; 1 drivers
v0xfe9880_0 .net "parityBit__h362", 0 0, L_0xfebf30; 1 drivers
v0xfe9920_0 .net "parityBit__h390", 0 0, L_0xfec020; 1 drivers
v0xfe9c60_0 .net "parityBit__h418", 0 0, L_0xfec2d0; 1 drivers
v0xfe9ce0_0 .net "result__h130", 3 0, L_0xfec110; 1 drivers
v0xfe9b00_0 .net "result__h164", 3 0, L_0xfec5a0; 1 drivers
v0xfe9ba0_0 .net "result__h170", 3 0, L_0xfec7c0; 1 drivers
v0xfe9f00_0 .net "result__h240", 3 0, L_0xfeca80; 1 drivers
v0xfe9f80_0 .net "result__h267", 3 0, L_0xfecb70; 1 drivers
v0xfe9d80_0 .net "result__h353", 3 0, L_0xfe8300; 1 drivers
v0xfe9e20_0 .net "result__h87", 3 0, L_0xfecf50; 1 drivers
E_0xfbfe70/0 .event edge, v0xfe9d80_0, v0xfe9f80_0, v0xfe9f00_0, v0xfe9ba0_0;
E_0xfbfe70/1 .event edge, v0xfe9b00_0, v0xfe9ce0_0, v0xfe9e20_0, v0xfe9780_0;
E_0xfbfe70 .event/or E_0xfbfe70/0, E_0xfbfe70/1;
E_0xfbf160/0 .event edge, v0xfe96e0_0, v0xfe7ed0_0, v0xfe7f70_0, v0xfe9800_0;
E_0xfbf160/1 .event edge, v0xfe9780_0;
E_0xfbf160 .event/or E_0xfbf160/0, E_0xfbf160/1;
L_0xfea5d0 .part v0xfe7ce0_0, 3, 1;
LS_0xfea6d0_0_0 .concat [ 4 1 1 1], v0xfe7ce0_0, L_0xfebd50, L_0xfea5d0, L_0xfebb30;
LS_0xfea6d0_0_4 .concat [ 1 0 0 0], v0xfe94a0_0;
L_0xfea6d0 .concat [ 7 1 0 0], LS_0xfea6d0_0_0, LS_0xfea6d0_0_4;
L_0xfea8d0 .concat [ 4 1 0 0], C4<zzzz>, C4<0>;
L_0xfeab00 .arith/sub 4, C4<0000>, C4<zzzz>;
L_0xfeac80 .concat [ 4 1 0 0], L_0xfeab00, C4<0>;
L_0xfeadc0 .arith/sum 5, L_0xfea8d0, L_0xfeac80;
L_0xfeafb0 .concat [ 4 1 0 0], C4<zzzz>, C4<0>;
L_0xfeb170 .concat [ 4 1 0 0], C4<zzzz>, C4<0>;
L_0xfeb300 .arith/sum 5, L_0xfeafb0, L_0xfeb170;
L_0xfeb440 .part v0xfe7ce0_0, 2, 1;
L_0xfeb4e0 .functor MUXZ 1, L_0xfeb750, L_0xfec020, L_0xfeb440, C4<>;
L_0xfeb580 .part v0xfe7ce0_0, 1, 1;
L_0xfeb6b0 .part v0xfe7ce0_0, 0, 1;
L_0xfeb750 .functor MUXZ 1, L_0xfeb6b0, L_0xfec2d0, L_0xfeb580, C4<>;
L_0xfeb910 .cmp/eq 4, C4<zzzz>, C4<1111>;
L_0xfeba00 .part v0xfe7ce0_0, 3, 1;
L_0xfebb30 .functor MUXZ 1, L_0xfeb4e0, L_0xfebf30, L_0xfeba00, C4<>;
L_0xfebd50 .cmp/eq 4, v0xfe7ce0_0, C4<0000>;
L_0xfebf30 .arith/sum 1, L_0xfeb4e0, C4<1>;
L_0xfec020 .arith/sum 1, L_0xfeb750, C4<1>;
L_0xfebe90 .part v0xfe7ce0_0, 0, 1;
L_0xfec2d0 .arith/sum 1, L_0xfebe90, C4<1>;
L_0xfec110 .arith/sub 4, C4<zzzz>, C4<zzzz>;
L_0xfec5a0 .arith/sum 4, C4<zzzz>, C4<0001>;
L_0xfec410 .part C4<zzzz>, 0, 3;
L_0xfec7c0 .concat [ 1 3 0 0], C4<0>, L_0xfec410;
L_0xfec9e0 .part C4<zzzz>, 1, 3;
L_0xfeca80 .concat [ 3 1 0 0], L_0xfec9e0, C4<0>;
L_0xfec900 .part C4<zzzz>, 3, 1;
L_0xfec4b0 .part C4<zzzz>, 1, 3;
L_0xfecb70 .concat [ 3 1 0 0], L_0xfec4b0, L_0xfec900;
L_0xfecf50 .arith/sum 4, C4<zzzz>, C4<zzzz>;
    .scope S_0xfbfbf0;
T_0 ;
    %wait E_0xfbf160;
    %load/v 8, v0xfe9780_0, 3;
    %cmpi/u 8, 0, 3;
    %jmp/1 T_0.0, 6;
    %cmpi/u 8, 1, 3;
    %jmp/1 T_0.1, 6;
    %cmpi/u 8, 2, 3;
    %jmp/1 T_0.2, 6;
    %load/v 8, v0xfe9780_0, 3;
    %cmpi/u 8, 3, 3;
    %mov 8, 4, 1;
    %ix/load 1, 3, 0;
    %mov 4, 0, 1;
    %jmp/1 T_0.5, 4;
    %load/x1p 9, v0xfe9800_0, 1;
    %jmp T_0.6;
T_0.5 ;
    %mov 9, 2, 1;
T_0.6 ;
; Save base=9 wid=1 in lookaside.
    %and 8, 9, 1;
    %set/v v0xfe94a0_0, 8, 1;
    %jmp T_0.4;
T_0.0 ;
    %ix/load 1, 4, 0;
    %mov 4, 0, 1;
    %jmp/1 T_0.7, 4;
    %load/x1p 8, v0xfe7f70_0, 1;
    %jmp T_0.8;
T_0.7 ;
    %mov 8, 2, 1;
T_0.8 ;
; Save base=8 wid=1 in lookaside.
    %set/v v0xfe94a0_0, 8, 1;
    %jmp T_0.4;
T_0.1 ;
    %ix/load 1, 4, 0;
    %mov 4, 0, 1;
    %jmp/1 T_0.9, 4;
    %load/x1p 8, v0xfe7ed0_0, 1;
    %jmp T_0.10;
T_0.9 ;
    %mov 8, 2, 1;
T_0.10 ;
; Save base=8 wid=1 in lookaside.
    %set/v v0xfe94a0_0, 8, 1;
    %jmp T_0.4;
T_0.2 ;
    %load/v 8, v0xfe96e0_0, 1;
    %set/v v0xfe94a0_0, 8, 1;
    %jmp T_0.4;
T_0.4 ;
    %jmp T_0;
    .thread T_0, $push;
    .scope S_0xfbfbf0;
T_1 ;
    %wait E_0xfbfe70;
    %load/v 8, v0xfe9780_0, 3;
    %cmpi/u 8, 0, 3;
    %jmp/1 T_1.0, 6;
    %cmpi/u 8, 1, 3;
    %jmp/1 T_1.1, 6;
    %cmpi/u 8, 2, 3;
    %jmp/1 T_1.2, 6;
    %cmpi/u 8, 3, 3;
    %jmp/1 T_1.3, 6;
    %cmpi/u 8, 4, 3;
    %jmp/1 T_1.4, 6;
    %cmpi/u 8, 5, 3;
    %jmp/1 T_1.5, 6;
    %cmpi/u 8, 6, 3;
    %jmp/1 T_1.6, 6;
    %cmpi/u 8, 7, 3;
    %jmp/1 T_1.7, 6;
    %jmp T_1.8;
T_1.0 ;
    %load/v 8, v0xfe9e20_0, 4;
    %set/v v0xfe7ce0_0, 8, 4;
    %jmp T_1.8;
T_1.1 ;
    %load/v 8, v0xfe9ce0_0, 4;
    %set/v v0xfe7ce0_0, 8, 4;
    %jmp T_1.8;
T_1.2 ;
    %load/v 8, v0xfe9b00_0, 4;
    %set/v v0xfe7ce0_0, 8, 4;
    %jmp T_1.8;
T_1.3 ;
    %load/v 8, v0xfe9ba0_0, 4;
    %set/v v0xfe7ce0_0, 8, 4;
    %jmp T_1.8;
T_1.4 ;
    %load/v 8, v0xfe9f00_0, 4;
    %set/v v0xfe7ce0_0, 8, 4;
    %jmp T_1.8;
T_1.5 ;
    %load/v 8, v0xfe9f80_0, 4;
    %set/v v0xfe7ce0_0, 8, 4;
    %jmp T_1.8;
T_1.6 ;
    %load/v 8, v0xfe9d80_0, 4;
    %set/v v0xfe7ce0_0, 8, 4;
    %jmp T_1.8;
T_1.7 ;
    %set/v v0xfe7ce0_0, 0, 4;
    %jmp T_1.8;
T_1.8 ;
    %jmp T_1;
    .thread T_1, $push;
    .scope S_0xfbffc0;
T_2 ;
    %set/v v0xfea2f0_0, 0, 32;
    %vpi_func 2 71 "$test$plusargs", 8, 32, "bscvcd";
    %set/v v0xfea530_0, 8, 1;
    %vpi_func 2 72 "$test$plusargs", 8, 32, "bscfst";
    %set/v v0xfea490_0, 8, 1;
    %vpi_func 2 73 "$test$plusargs", 8, 32, "bscfsdb";
    %set/v v0xfea3f0_0, 8, 1;
    %vpi_func 2 74 "$test$plusargs", 8, 32, "bsccycle";
    %set/v v0xfea370_0, 8, 1;
    %load/v 8, v0xfea530_0, 1;
    %jmp/0xz  T_2.0, 8;
    %vpi_call 2 89 "$dumpfile", "dump.vcd";
    %vpi_call 2 90 "$dumpvars", 1'sb0, S_0xfbffc0;
T_2.0 ;
    %delay 0, 0;
    %set/v v0xfea240_0, 0, 1;
    %delay 1, 0;
    %set/v v0xfea1c0_0, 1, 1;
    %delay 1, 0;
    %set/v v0xfea240_0, 1, 1;
    %end;
    .thread T_2;
    .scope S_0xfbffc0;
T_3 ;
    %delay 1, 0;
    %load/v 8, v0xfea370_0, 1;
    %jmp/0xz  T_3.0, 8;
    %vpi_call 2 112 "$display", "cycle %0d", v0xfea2f0_0;
T_3.0 ;
    %load/v 8, v0xfea2f0_0, 32;
    %mov 40, 0, 1;
   %addi 8, 1, 33;
    %set/v v0xfea2f0_0, 8, 32;
    %delay 4, 0;
    %set/v v0xfea1c0_0, 0, 1;
    %delay 5, 0;
    %set/v v0xfea1c0_0, 1, 1;
    %jmp T_3;
    .thread T_3;
# The file index is used to find the file name in the following table.
:file_names 4;
    "N/A";
    "<interactive>";
    "/opt/Bluespec-2011.06.D/lib/Verilog/main.v";
    "./mkALU.v";
